GROUP,PACKAGE,CLASS,INSTRUCTION_MISSED,INSTRUCTION_COVERED,BRANCH_MISSED,BRANCH_COVERED,LINE_MISSED,LINE_COVERED,COMPLEXITY_MISSED,COMPLEXITY_COVERED,METHOD_MISSED,METHOD_COVERED
AWS Lambda Durable Execution SDK Coverage Report/aws-durable-execution-sdk-java,software.amazon.lambda.durable,DurableFuture,0,36,0,0,0,8,0,6,0,6
AWS Lambda Durable Execution SDK Coverage Report/aws-durable-execution-sdk-java,software.amazon.lambda.durable,DurableConfig,11,238,4,10,4,63,3,22,0,18
AWS Lambda Durable Execution SDK Coverage Report/aws-durable-execution-sdk-java,software.amazon.lambda.durable,TypeToken.new TypeToken() {...},0,4,0,0,0,1,0,1,0,1
AWS Lambda Durable Execution SDK Coverage Report/aws-durable-execution-sdk-java,software.amazon.lambda.durable,TypeToken.new TypeToken() {...},0,4,0,0,0,1,0,1,0,1
AWS Lambda Durable Execution SDK Coverage Report/aws-durable-execution-sdk-java,software.amazon.lambda.durable,DurableHandler,21,68,3,1,3,17,2,6,0,6
AWS Lambda Durable Execution SDK Coverage Report/aws-durable-execution-sdk-java,software.amazon.lambda.durable,DurableContext,234,274,0,0,48,59,28,31,28,31
AWS Lambda Durable Execution SDK Coverage Report/aws-durable-execution-sdk-java,software.amazon.lambda.durable,DurableConfig.Builder,0,105,0,2,0,26,0,11,0,10
AWS Lambda Durable Execution SDK Coverage Report/aws-durable-execution-sdk-java,software.amazon.lambda.durable,TypeToken,4,87,2,6,2,20,2,10,0,8
AWS Lambda Durable Execution SDK Coverage Report/aws-durable-execution-sdk-java,software.amazon.lambda.durable,ParallelDurableFuture,8,17,0,0,1,4,1,2,1,2
AWS Lambda Durable Execution SDK Coverage Report/aws-durable-execution-sdk-java,software.amazon.lambda.durable.model,MapResult.MapResultItem,0,33,0,0,0,4,0,4,0,4
AWS Lambda Durable Execution SDK Coverage Report/aws-durable-execution-sdk-java,software.amazon.lambda.durable.model,OperationIdentifier,0,23,0,0,0,3,0,3,0,3
AWS Lambda Durable Execution SDK Coverage Report/aws-durable-execution-sdk-java,software.amazon.lambda.durable.model,WaitForConditionResult,0,21,0,0,0,3,0,3,0,3
AWS Lambda Durable Execution SDK Coverage Report/aws-durable-execution-sdk-java,software.amazon.lambda.durable.model,OperationSubType,3,116,0,0,1,19,1,4,1,4
AWS Lambda Durable Execution SDK Coverage Report/aws-durable-execution-sdk-java,software.amazon.lambda.durable.model,MapResult,2,105,2,8,0,19,2,16,0,13
AWS Lambda Durable Execution SDK Coverage Report/aws-durable-execution-sdk-java,software.amazon.lambda.durable.model,MapResult.MapResultItem.Status,0,21,0,0,0,4,0,1,0,1
AWS Lambda Durable Execution SDK Coverage Report/aws-durable-execution-sdk-java,software.amazon.lambda.durable.model,DurableExecutionInput,0,12,0,0,0,1,0,1,0,1
AWS Lambda Durable Execution SDK Coverage Report/aws-durable-execution-sdk-java,software.amazon.lambda.durable.model,ExecutionStatus,0,24,0,0,0,5,0,2,0,2
AWS Lambda Durable Execution SDK Coverage Report/aws-durable-execution-sdk-java,software.amazon.lambda.durable.model,ParallelResult.Status,0,21,0,0,0,4,0,1,0,1
AWS Lambda Durable Execution SDK Coverage Report/aws-durable-execution-sdk-java,software.amazon.lambda.durable.model,MapResult.MapError,0,24,0,0,0,3,0,2,0,2
AWS Lambda Durable Execution SDK Coverage Report/aws-durable-execution-sdk-java,software.amazon.lambda.durable.model,DeserializedOperationResult,5,33,1,1,2,5,1,4,0,4
AWS Lambda Durable Execution SDK Coverage Report/aws-durable-execution-sdk-java,software.amazon.lambda.durable.model,ConcurrencyCompletionStatus,0,34,0,4,0,6,0,5,0,3
AWS Lambda Durable Execution SDK Coverage Report/aws-durable-execution-sdk-java,software.amazon.lambda.durable.model,DurableExecutionOutput,0,33,0,0,0,4,0,4,0,4
AWS Lambda Durable Execution SDK Coverage Report/aws-durable-execution-sdk-java,software.amazon.lambda.durable.model,ParallelResult,0,21,0,0,0,1,0,1,0,1
AWS Lambda Durable Execution SDK Coverage Report/aws-durable-execution-sdk-java,software.amazon.lambda.durable.operation,ConcurrencyOperation,56,470,9,45,14,114,8,36,0,17
AWS Lambda Durable Execution SDK Coverage Report/aws-durable-execution-sdk-java,software.amazon.lambda.durable.operation,WaitOperation,0,75,2,6,0,27,2,8,0,6
AWS Lambda Durable Execution SDK Coverage Report/aws-durable-execution-sdk-java,software.amazon.lambda.durable.operation,ConcurrencyOperation.ExpectedCompletionStatus,0,9,0,0,0,1,0,1,0,1
AWS Lambda Durable Execution SDK Coverage Report/aws-durable-execution-sdk-java,software.amazon.lambda.durable.operation,WaitForConditionOperation,39,280,9,25,6,76,10,21,2,11
AWS Lambda Durable Execution SDK Coverage Report/aws-durable-execution-sdk-java,software.amazon.lambda.durable.operation,StepOperation,40,323,8,41,9,81,9,31,2,12
AWS Lambda Durable Execution SDK Coverage Report/aws-durable-execution-sdk-java,software.amazon.lambda.durable.operation,CallbackOperation,14,116,3,10,4,29,3,11,0,6
AWS Lambda Durable Execution SDK Coverage Report/aws-durable-execution-sdk-java,software.amazon.lambda.durable.operation,MapOperation,41,399,10,37,9,107,10,26,0,12
AWS Lambda Durable Execution SDK Coverage Report/aws-durable-execution-sdk-java,software.amazon.lambda.durable.operation,ChildContextOperation,43,420,11,57,8,109,11,41,0,15
AWS Lambda Durable Execution SDK Coverage Report/aws-durable-execution-sdk-java,software.amazon.lambda.durable.operation,BaseDurableOperation,73,636,5,45,9,152,5,56,1,35
AWS Lambda Durable Execution SDK Coverage Report/aws-durable-execution-sdk-java,software.amazon.lambda.durable.operation,MapOperation.new TypeToken() {...},0,3,0,0,0,1,0,1,0,1
AWS Lambda Durable Execution SDK Coverage Report/aws-durable-execution-sdk-java,software.amazon.lambda.durable.operation,InvokeOperation,7,115,2,10,2,31,2,11,0,5
AWS Lambda Durable Execution SDK Coverage Report/aws-durable-execution-sdk-java,software.amazon.lambda.durable.operation,ParallelOperation,5,261,3,25,1,67,3,22,0,11
AWS Lambda Durable Execution SDK Coverage Report/aws-durable-execution-sdk-java,software.amazon.lambda.durable.operation,SerializableDurableOperation,31,106,3,7,6,34,3,10,1,7
AWS Lambda Durable Execution SDK Coverage Report/aws-durable-execution-sdk-java,software.amazon.lambda.durable.util,ParameterValidator,0,170,0,40,0,39,0,29,0,9
AWS Lambda Durable Execution SDK Coverage Report/aws-durable-execution-sdk-java,software.amazon.lambda.durable.util,DurableApiErrorClassifier,0,73,2,12,0,17,2,8,0,3
AWS Lambda Durable Execution SDK Coverage Report/aws-durable-execution-sdk-java,software.amazon.lambda.durable.util,ExceptionHelper,3,94,0,2,1,22,1,9,1,8
AWS Lambda Durable Execution SDK Coverage Report/aws-durable-execution-sdk-java,software.amazon.lambda.durable.exception,StepException,0,6,0,0,0,2,0,1,0,1
AWS Lambda Durable Execution SDK Coverage Report/aws-durable-execution-sdk-java,software.amazon.lambda.durable.exception,InvokeException,1,11,1,1,1,4,1,1,0,1
AWS Lambda Durable Execution SDK Coverage Report/aws-durable-execution-sdk-java,software.amazon.lambda.durable.exception,CallbackFailedException,0,25,1,3,0,7,1,3,0,2
AWS Lambda Durable Execution SDK Coverage Report/aws-durable-execution-sdk-java,software.amazon.lambda.durable.exception,MapIterationFailedException,1,36,1,3,0,7,1,4,0,3
AWS Lambda Durable Execution SDK Coverage Report/aws-durable-execution-sdk-java,software.amazon.lambda.durable.exception,InvokeStoppedException,0,4,0,0,0,2,0,1,0,1
AWS Lambda Durable Execution SDK Coverage Report/aws-durable-execution-sdk-java,software.amazon.lambda.durable.exception,CallbackTimeoutException,0,8,0,0,0,2,0,1,0,1
AWS Lambda Durable Execution SDK Coverage Report/aws-durable-execution-sdk-java,software.amazon.lambda.durable.exception,CallbackSubmitterException,0,7,0,0,0,2,0,1,0,1
AWS Lambda Durable Execution SDK Coverage Report/aws-durable-execution-sdk-java,software.amazon.lambda.durable.exception,CallbackException,0,23,0,0,0,6,0,3,0,3
AWS Lambda Durable Execution SDK Coverage Report/aws-durable-execution-sdk-java,software.amazon.lambda.durable.exception,StepInterruptedException,0,51,1,3,0,13,1,5,0,4
AWS Lambda Durable Execution SDK Coverage Report/aws-durable-execution-sdk-java,software.amazon.lambda.durable.exception,InvokeTimedOutException,0,4,0,0,0,2,0,1,0,1
AWS Lambda Durable Execution SDK Coverage Report/aws-durable-execution-sdk-java,software.amazon.lambda.durable.exception,DurableExecutionException,0,22,0,2,0,8,0,4,0,3
AWS Lambda Durable Execution SDK Coverage Report/aws-durable-execution-sdk-java,software.amazon.lambda.durable.exception,InvokeFailedException,0,4,0,0,0,2,0,1,0,1
AWS Lambda Durable Execution SDK Coverage Report/aws-durable-execution-sdk-java,software.amazon.lambda.durable.exception,ChildContextFailedException,3,34,2,2,1,6,2,3,0,3
AWS Lambda Durable Execution SDK Coverage Report/aws-durable-execution-sdk-java,software.amazon.lambda.durable.exception,IllegalDurableOperationException,0,11,0,0,0,5,0,1,0,1
AWS Lambda Durable Execution SDK Coverage Report/aws-durable-execution-sdk-java,software.amazon.lambda.durable.exception,StepFailedException,0,30,0,2,0,8,0,3,0,2
AWS Lambda Durable Execution SDK Coverage Report/aws-durable-execution-sdk-java,software.amazon.lambda.durable.exception,UnrecoverableDurableExecutionException,0,22,0,0,0,8,0,4,0,4
AWS Lambda Durable Execution SDK Coverage Report/aws-durable-execution-sdk-java,software.amazon.lambda.durable.exception,NonDeterministicExecutionException,0,11,0,0,0,5,0,1,0,1
AWS Lambda Durable Execution SDK Coverage Report/aws-durable-execution-sdk-java,software.amazon.lambda.durable.exception,WaitForConditionFailedException,1,17,1,1,0,5,1,2,0,2
AWS Lambda Durable Execution SDK Coverage Report/aws-durable-execution-sdk-java,software.amazon.lambda.durable.exception,SerDesException,0,9,0,0,0,4,0,2,0,2
AWS Lambda Durable Execution SDK Coverage Report/aws-durable-execution-sdk-java,software.amazon.lambda.durable.exception,DurableOperationException,0,58,0,4,0,15,0,10,0,8
AWS Lambda Durable Execution SDK Coverage Report/aws-durable-execution-sdk-java,software.amazon.lambda.durable.exception,ParallelBranchFailedException,0,37,0,4,0,7,0,5,0,3
AWS Lambda Durable Execution SDK Coverage Report/aws-durable-execution-sdk-java,software.amazon.lambda.durable.config,WaitForCallbackConfig,0,43,0,4,0,9,0,7,0,5
AWS Lambda Durable Execution SDK Coverage Report/aws-durable-execution-sdk-java,software.amazon.lambda.durable.config,WithRetryConfig,0,26,0,2,0,7,0,5,0,4
AWS Lambda Durable Execution SDK Coverage Report/aws-durable-execution-sdk-java,software.amazon.lambda.durable.config,RunInChildContextConfig.Builder,0,15,0,0,0,5,0,3,0,3
AWS Lambda Durable Execution SDK Coverage Report/aws-durable-execution-sdk-java,software.amazon.lambda.durable.config,RunInChildContextConfig,0,35,0,0,0,8,0,5,0,5
AWS Lambda Durable Execution SDK Coverage Report/aws-durable-execution-sdk-java,software.amazon.lambda.durable.config,NestingType,0,15,0,0,0,3,0,1,0,1
AWS Lambda Durable Execution SDK Coverage Report/aws-durable-execution-sdk-java,software.amazon.lambda.durable.config,WaitForConditionConfig.Builder,0,20,0,0,0,7,0,4,0,4
AWS Lambda Durable Execution SDK Coverage Report/aws-durable-execution-sdk-java,software.amazon.lambda.durable.config,StepConfig,0,61,0,4,0,12,0,9,0,7
AWS Lambda Durable Execution SDK Coverage Report/aws-durable-execution-sdk-java,software.amazon.lambda.durable.config,WaitForConditionConfig,0,51,0,2,0,14,0,7,0,6
AWS Lambda Durable Execution SDK Coverage Report/aws-durable-execution-sdk-java,software.amazon.lambda.durable.config,InvokeConfig.Builder,5,27,0,0,2,10,1,4,1,4
AWS Lambda Durable Execution SDK Coverage Report/aws-durable-execution-sdk-java,software.amazon.lambda.durable.config,StepConfig.Builder,0,40,0,0,0,15,0,6,0,6
AWS Lambda Durable Execution SDK Coverage Report/aws-durable-execution-sdk-java,software.amazon.lambda.durable.config,MapConfig.Builder,0,37,0,4,0,11,0,7,0,5
AWS Lambda Durable Execution SDK Coverage Report/aws-durable-execution-sdk-java,software.amazon.lambda.durable.config,CallbackConfig,0,41,0,0,0,10,0,6,0,6
AWS Lambda Durable Execution SDK Coverage Report/aws-durable-execution-sdk-java,software.amazon.lambda.durable.config,MapConfig,0,61,0,0,0,16,0,7,0,7
AWS Lambda Durable Execution SDK Coverage Report/aws-durable-execution-sdk-java,software.amazon.lambda.durable.config,CompletionConfig,0,90,0,8,0,13,0,11,0,7
AWS Lambda Durable Execution SDK Coverage Report/aws-durable-execution-sdk-java,software.amazon.lambda.durable.config,InvokeConfig,0,41,0,0,0,10,0,6,0,6
AWS Lambda Durable Execution SDK Coverage Report/aws-durable-execution-sdk-java,software.amazon.lambda.durable.config,WaitForCallbackConfig.Builder,0,18,0,0,0,6,0,4,0,4
AWS Lambda Durable Execution SDK Coverage Report/aws-durable-execution-sdk-java,software.amazon.lambda.durable.config,ParallelBranchConfig.Builder,0,16,0,0,0,6,0,3,0,3
AWS Lambda Durable Execution SDK Coverage Report/aws-durable-execution-sdk-java,software.amazon.lambda.durable.config,ParallelConfig,14,39,0,0,4,9,1,5,1,5
AWS Lambda Durable Execution SDK Coverage Report/aws-durable-execution-sdk-java,software.amazon.lambda.durable.config,CallbackConfig.Builder,0,38,0,0,0,14,0,5,0,5
AWS Lambda Durable Execution SDK Coverage Report/aws-durable-execution-sdk-java,software.amazon.lambda.durable.config,ParallelConfig.Builder,5,37,3,5,1,10,3,5,0,4
AWS Lambda Durable Execution SDK Coverage Report/aws-durable-execution-sdk-java,software.amazon.lambda.durable.config,WithRetryConfig.Builder,0,15,0,0,0,5,0,3,0,3
AWS Lambda Durable Execution SDK Coverage Report/aws-durable-execution-sdk-java,software.amazon.lambda.durable.config,ParallelBranchConfig,6,15,0,0,1,5,1,3,1,3
AWS Lambda Durable Execution SDK Coverage Report/aws-durable-execution-sdk-java,software.amazon.lambda.durable.config,StepSemantics,0,15,0,0,0,3,0,1,0,1
AWS Lambda Durable Execution SDK Coverage Report/aws-durable-execution-sdk-java,software.amazon.lambda.durable.serde,AwsSdkV2Module.SdkDeserializer,10,42,0,0,3,10,0,2,0,2
AWS Lambda Durable Execution SDK Coverage Report/aws-durable-execution-sdk-java,software.amazon.lambda.durable.serde,DurableInputOutputSerDes.new JsonDeserializer() {...},0,27,0,2,0,8,0,4,0,3
AWS Lambda Durable Execution SDK Coverage Report/aws-durable-execution-sdk-java,software.amazon.lambda.durable.serde,DurableInputOutputSerDes.new JsonSerializer() {...},10,3,0,0,3,1,1,1,1,1
AWS Lambda Durable Execution SDK Coverage Report/aws-durable-execution-sdk-java,software.amazon.lambda.durable.serde,DurableInputOutputSerDes.new JsonDeserializer() {...},11,3,0,0,2,1,1,1,1,1
AWS Lambda Durable Execution SDK Coverage Report/aws-durable-execution-sdk-java,software.amazon.lambda.durable.serde,AwsSdkV2Module.SdkSerializer,10,22,0,0,3,6,0,1,0,1
AWS Lambda Durable Execution SDK Coverage Report/aws-durable-execution-sdk-java,software.amazon.lambda.durable.serde,DurableInputOutputSerDes,14,120,2,2,8,23,2,4,0,4
AWS Lambda Durable Execution SDK Coverage Report/aws-durable-execution-sdk-java,software.amazon.lambda.durable.serde,AwsSdkV2Module,0,40,0,2,0,10,0,4,0,3
AWS Lambda Durable Execution SDK Coverage Report/aws-durable-execution-sdk-java,software.amazon.lambda.durable.serde,JacksonSerDes,0,82,0,4,0,21,0,6,0,4
AWS Lambda Durable Execution SDK Coverage Report/aws-durable-execution-sdk-java,software.amazon.lambda.durable.client,LambdaDurableFunctionsClient,30,9,0,0,12,3,2,1,2,1
AWS Lambda Durable Execution SDK Coverage Report/aws-durable-execution-sdk-java,software.amazon.lambda.durable.plugin,InvocationInfo,0,12,0,0,0,1,0,1,0,1
AWS Lambda Durable Execution SDK Coverage Report/aws-durable-execution-sdk-java,software.amazon.lambda.durable.plugin,UserFunctionEndInfo,0,36,0,0,0,1,0,1,0,1
AWS Lambda Durable Execution SDK Coverage Report/aws-durable-execution-sdk-java,software.amazon.lambda.durable.plugin,InvocationStatus,0,27,0,0,0,5,0,1,0,1
AWS Lambda Durable Execution SDK Coverage Report/aws-durable-execution-sdk-java,software.amazon.lambda.durable.plugin,DurableExecutionPlugin,6,0,0,0,6,0,6,0,6,0
AWS Lambda Durable Execution SDK Coverage Report/aws-durable-execution-sdk-java,software.amazon.lambda.durable.plugin,OperationEndInfo,0,27,0,0,0,1,0,1,0,1
AWS Lambda Durable Execution SDK Coverage Report/aws-durable-execution-sdk-java,software.amazon.lambda.durable.plugin,PluginInfoConverter,8,118,8,12,0,30,8,6,0,4
AWS Lambda Durable Execution SDK Coverage Report/aws-durable-execution-sdk-java,software.amazon.lambda.durable.plugin,OperationInfo,0,24,0,0,0,1,0,1,0,1
AWS Lambda Durable Execution SDK Coverage Report/aws-durable-execution-sdk-java,software.amazon.lambda.durable.plugin,UserFunctionStartInfo,0,27,0,0,0,1,0,1,0,1
AWS Lambda Durable Execution SDK Coverage Report/aws-durable-execution-sdk-java,software.amazon.lambda.durable.plugin,PluginRunner,0,105,0,4,0,27,0,20,0,18
AWS Lambda Durable Execution SDK Coverage Report/aws-durable-execution-sdk-java,software.amazon.lambda.durable.plugin,InvocationEndInfo,0,18,0,0,0,1,0,1,0,1
AWS Lambda Durable Execution SDK Coverage Report/aws-durable-execution-sdk-java,software.amazon.lambda.durable.retry,WaitStrategies.Presets,3,10,0,0,1,2,1,1,1,1
AWS Lambda Durable Execution SDK Coverage Report/aws-durable-execution-sdk-java,software.amazon.lambda.durable.retry,JitterStrategy,0,21,0,0,0,4,0,1,0,1
AWS Lambda Durable Execution SDK Coverage Report/aws-durable-execution-sdk-java,software.amazon.lambda.durable.retry,JitterStrategy.new JitterStrategy() {...},0,15,0,0,0,2,0,2,0,2
AWS Lambda Durable Execution SDK Coverage Report/aws-durable-execution-sdk-java,software.amazon.lambda.durable.retry,JitterStrategy.new JitterStrategy() {...},0,9,0,0,0,2,0,2,0,2
AWS Lambda Durable Execution SDK Coverage Report/aws-durable-execution-sdk-java,software.amazon.lambda.durable.retry,JitterStrategy.new JitterStrategy() {...},0,7,0,0,0,2,0,2,0,2
AWS Lambda Durable Execution SDK Coverage Report/aws-durable-execution-sdk-java,software.amazon.lambda.durable.retry,PollingStrategies.Presets,3,9,0,0,1,2,1,1,1,1
AWS Lambda Durable Execution SDK Coverage Report/aws-durable-execution-sdk-java,software.amazon.lambda.durable.retry,PollingStrategies,3,110,0,16,1,23,1,14,1,6
AWS Lambda Durable Execution SDK Coverage Report/aws-durable-execution-sdk-java,software.amazon.lambda.durable.retry,WaitStrategies,9,100,1,11,2,24,2,10,1,5
AWS Lambda Durable Execution SDK Coverage Report/aws-durable-execution-sdk-java,software.amazon.lambda.durable.retry,RetryStrategies,3,88,0,10,1,22,1,9,1,4
AWS Lambda Durable Execution SDK Coverage Report/aws-durable-execution-sdk-java,software.amazon.lambda.durable.retry,RetryStrategies.Presets,3,14,0,0,1,4,1,2,1,2
AWS Lambda Durable Execution SDK Coverage Report/aws-durable-execution-sdk-java,software.amazon.lambda.durable.retry,RetryDecision,0,46,0,4,0,9,0,8,0,6
AWS Lambda Durable Execution SDK Coverage Report/aws-durable-execution-sdk-java,software.amazon.lambda.durable.execution,SuspendExecutionException,0,4,0,0,0,2,0,1,0,1
AWS Lambda Durable Execution SDK Coverage Report/aws-durable-execution-sdk-java,software.amazon.lambda.durable.execution,InternalExecutor,0,22,0,0,0,5,0,2,0,2
AWS Lambda Durable Execution SDK Coverage Report/aws-durable-execution-sdk-java,software.amazon.lambda.durable.execution,ThreadType,0,28,0,0,0,7,0,3,0,3
AWS Lambda Durable Execution SDK Coverage Report/aws-durable-execution-sdk-java,software.amazon.lambda.durable.execution,ThreadContext,0,9,0,0,0,1,0,1,0,1
AWS Lambda Durable Execution SDK Coverage Report/aws-durable-execution-sdk-java,software.amazon.lambda.durable.execution,OperationIdGenerator,7,41,0,2,2,9,0,4,0,3
AWS Lambda Durable Execution SDK Coverage Report/aws-durable-execution-sdk-java,software.amazon.lambda.durable.execution,DurableExecutor,11,278,2,20,2,70,2,19,0,10
AWS Lambda Durable Execution SDK Coverage Report/aws-durable-execution-sdk-java,software.amazon.lambda.durable.execution,DurableExecutionError,0,4,0,0,0,2,0,1,0,1
AWS Lambda Durable Execution SDK Coverage Report/aws-durable-execution-sdk-java,software.amazon.lambda.durable.execution,ExecutionMode,0,15,0,0,0,3,0,1,0,1
AWS Lambda Durable Execution SDK Coverage Report/aws-durable-execution-sdk-java,software.amazon.lambda.durable.execution,ApiRequestDelayedBatcher.Item,0,9,0,0,0,1,0,1,0,1
AWS Lambda Durable Execution SDK Coverage Report/aws-durable-execution-sdk-java,software.amazon.lambda.durable.execution,ExecutionManager,20,517,6,56,8,107,6,59,0,33
AWS Lambda Durable Execution SDK Coverage Report/aws-durable-execution-sdk-java,software.amazon.lambda.durable.execution,CheckpointManager,0,429,1,27,0,97,1,28,0,15
AWS Lambda Durable Execution SDK Coverage Report/aws-durable-execution-sdk-java,software.amazon.lambda.durable.execution,ApiRequestDelayedBatcher,0,269,1,21,0,70,1,18,0,8
AWS Lambda Durable Execution SDK Coverage Report/aws-durable-execution-sdk-java,software.amazon.lambda.durable.logging,DurableLogger,0,170,2,18,0,38,2,24,0,16
AWS Lambda Durable Execution SDK Coverage Report/aws-durable-execution-sdk-java,software.amazon.lambda.durable.logging,LoggerConfig,5,11,0,0,1,2,1,2,1,2
AWS Lambda Durable Execution SDK Coverage Report/aws-durable-execution-sdk-java,software.amazon.lambda.durable.context,StepContextImpl,0,46,2,4,0,13,2,5,0,4
AWS Lambda Durable Execution SDK Coverage Report/aws-durable-execution-sdk-java,software.amazon.lambda.durable.context,BaseContextImpl,0,52,0,0,0,18,0,9,0,9
AWS Lambda Durable Execution SDK Coverage Report/aws-durable-execution-sdk-java,software.amazon.lambda.durable.context,DurableContextImpl.new TypeToken() {...},0,6,0,0,0,1,0,1,0,1
AWS Lambda Durable Execution SDK Coverage Report/aws-durable-execution-sdk-java,software.amazon.lambda.durable.context,DurableContextImpl,9,589,8,26,0,152,8,33,0,24
AWS Lambda Durable Execution SDK Coverage Report/aws-durable-execution-sdk-java-testing,software.amazon.lambda.durable.testing.cloud,HistoryEventProcessor,755,0,160,0,212,0,100,0,8,0
AWS Lambda Durable Execution SDK Coverage Report/aws-durable-execution-sdk-java-testing,software.amazon.lambda.durable.testing.cloud,HistoryPoller,96,0,12,0,29,0,10,0,4,0
AWS Lambda Durable Execution SDK Coverage Report/aws-durable-execution-sdk-java-testing,software.amazon.lambda.durable.testing.local,OperationProcessor,66,338,15,47,15,74,17,36,3,11
AWS Lambda Durable Execution SDK Coverage Report/aws-durable-execution-sdk-java-testing,software.amazon.lambda.durable.testing.local,OperationResult,0,47,0,0,0,6,0,6,0,6
AWS Lambda Durable Execution SDK Coverage Report/aws-durable-execution-sdk-java-testing,software.amazon.lambda.durable.testing.local,LocalMemoryExecutionClient,38,444,12,39,10,112,13,38,1,22
AWS Lambda Durable Execution SDK Coverage Report/aws-durable-execution-sdk-java-testing,software.amazon.lambda.durable.testing.local,EventProcessor,143,429,19,35,27,118,19,33,0,13
AWS Lambda Durable Execution SDK Coverage Report/aws-durable-execution-sdk-java-testing,software.amazon.lambda.durable.testing,CloudDurableTestRunner,231,101,5,1,47,19,12,6,9,6
AWS Lambda Durable Execution SDK Coverage Report/aws-durable-execution-sdk-java-testing,software.amazon.lambda.durable.testing,LocalDurableTestRunner,32,326,3,7,4,76,6,25,3,23
AWS Lambda Durable Execution SDK Coverage Report/aws-durable-execution-sdk-java-testing,software.amazon.lambda.durable.testing,TestResult,39,164,9,11,7,35,9,20,3,16
AWS Lambda Durable Execution SDK Coverage Report/aws-durable-execution-sdk-java-testing,software.amazon.lambda.durable.testing,TestOperation,61,73,9,3,13,19,15,11,9,11
AWS Lambda Durable Execution SDK Coverage Report/aws-durable-execution-sdk-java-testing,software.amazon.lambda.durable.testing,AsyncExecution,310,0,30,0,74,0,38,0,23,0
AWS Lambda Durable Execution SDK Coverage Report/aws-durable-execution-sdk-java-examples,software.amazon.lambda.durable.examples.callback,WaitForCallbackFailedExample.FailedSerDes,2,17,1,1,1,3,1,1,0,1
AWS Lambda Durable Execution SDK Coverage Report/aws-durable-execution-sdk-java-examples,software.amazon.lambda.durable.examples.callback,CallbackExample,6,105,1,1,0,18,1,6,0,6
AWS Lambda Durable Execution SDK Coverage Report/aws-durable-execution-sdk-java-examples,software.amazon.lambda.durable.examples.callback,WaitForCallbackFailedExample,6,42,0,0,2,13,0,3,0,3
AWS Lambda Durable Execution SDK Coverage Report/aws-durable-execution-sdk-java-examples,software.amazon.lambda.durable.examples.callback,RetryWaitForCallbackExample,0,73,0,2,0,13,0,8,0,7
AWS Lambda Durable Execution SDK Coverage Report/aws-durable-execution-sdk-java-examples,software.amazon.lambda.durable.examples.general,GenericTypesExample.Output,0,15,0,0,0,6,0,2,0,2
AWS Lambda Durable Execution SDK Coverage Report/aws-durable-execution-sdk-java-examples,software.amazon.lambda.durable.examples.general,GenericTypesExample.new TypeToken() {...},0,6,0,0,0,1,0,1,0,1
AWS Lambda Durable Execution SDK Coverage Report/aws-durable-execution-sdk-java-examples,software.amazon.lambda.durable.examples.general,GenericTypesExample.new TypeToken() {...},0,6,0,0,0,1,0,1,0,1
AWS Lambda Durable Execution SDK Coverage Report/aws-durable-execution-sdk-java-examples,software.amazon.lambda.durable.examples.general,GenericTypesExample.new TypeToken() {...},0,6,0,0,0,1,0,1,0,1
AWS Lambda Durable Execution SDK Coverage Report/aws-durable-execution-sdk-java-examples,software.amazon.lambda.durable.examples.general,ErrorHandlingExample,4,77,0,0,1,22,0,7,0,7
AWS Lambda Durable Execution SDK Coverage Report/aws-durable-execution-sdk-java-examples,software.amazon.lambda.durable.examples.general,GenericTypesExample,0,141,0,0,0,29,0,6,0,6
AWS Lambda Durable Execution SDK Coverage Report/aws-durable-execution-sdk-java-examples,software.amazon.lambda.durable.examples.general,CustomConfigExample.SnakeCaseSerDes,14,25,0,0,4,5,0,3,0,3
AWS Lambda Durable Execution SDK Coverage Report/aws-durable-execution-sdk-java-examples,software.amazon.lambda.durable.examples.general,LoggingExample,0,62,0,0,0,10,0,4,0,4
AWS Lambda Durable Execution SDK Coverage Report/aws-durable-execution-sdk-java-examples,software.amazon.lambda.durable.examples.general,ErrorHandlingExample.ServiceUnavailableException,0,13,0,0,0,6,0,3,0,3
AWS Lambda Durable Execution SDK Coverage Report/aws-durable-execution-sdk-java-examples,software.amazon.lambda.durable.examples.general,OtelExample,0,75,0,0,0,11,0,5,0,5
AWS Lambda Durable Execution SDK Coverage Report/aws-durable-execution-sdk-java-examples,software.amazon.lambda.durable.examples.general,PluginExample.LoggingPlugin,12,144,3,3,0,24,3,7,0,7
AWS Lambda Durable Execution SDK Coverage Report/aws-durable-execution-sdk-java-examples,software.amazon.lambda.durable.examples.general,CustomConfigExample.CustomData,0,18,0,0,0,7,0,2,0,2
AWS Lambda Durable Execution SDK Coverage Report/aws-durable-execution-sdk-java-examples,software.amazon.lambda.durable.examples.general,NoopExample,7,0,0,0,2,0,2,0,2,0
AWS Lambda Durable Execution SDK Coverage Report/aws-durable-execution-sdk-java-examples,software.amazon.lambda.durable.examples.general,GenericInputOutputExample,0,71,0,0,0,16,0,4,0,4
AWS Lambda Durable Execution SDK Coverage Report/aws-durable-execution-sdk-java-examples,software.amazon.lambda.durable.examples.general,GenericTypesExample.Input,0,9,0,0,0,4,0,2,0,2
AWS Lambda Durable Execution SDK Coverage Report/aws-durable-execution-sdk-java-examples,software.amazon.lambda.durable.examples.general,PluginExample,0,62,0,0,0,7,0,5,0,5
AWS Lambda Durable Execution SDK Coverage Report/aws-durable-execution-sdk-java-examples,software.amazon.lambda.durable.examples.general,GenericInputOutputExample.new TypeToken() {...},0,6,0,0,0,1,0,1,0,1
AWS Lambda Durable Execution SDK Coverage Report/aws-durable-execution-sdk-java-examples,software.amazon.lambda.durable.examples.general,CustomConfigExample,3,78,3,1,0,23,2,4,0,4
AWS Lambda Durable Execution SDK Coverage Report/aws-durable-execution-sdk-java-examples,software.amazon.lambda.durable.examples.general,CustomPollingExample,3,57,0,0,2,14,0,4,0,4
AWS Lambda Durable Execution SDK Coverage Report/aws-durable-execution-sdk-java-examples,software.amazon.lambda.durable.examples.types,ManyAsyncStepsInput,0,9,0,0,0,1,0,1,0,1
AWS Lambda Durable Execution SDK Coverage Report/aws-durable-execution-sdk-java-examples,software.amazon.lambda.durable.examples.types,GreetingRequest,0,21,0,2,0,7,0,5,0,4
AWS Lambda Durable Execution SDK Coverage Report/aws-durable-execution-sdk-java-examples,software.amazon.lambda.durable.examples.types,ApprovalRequest,0,18,0,0,0,3,0,2,0,2
AWS Lambda Durable Execution SDK Coverage Report/aws-durable-execution-sdk-java-examples,software.amazon.lambda.durable.examples.types,ManyAsyncStepsOutput,0,12,0,0,0,1,0,1,0,1
AWS Lambda Durable Execution SDK Coverage Report/aws-durable-execution-sdk-java-examples,software.amazon.lambda.durable.examples.invoke,SimpleInvokeExample,0,32,0,0,0,8,0,2,0,2
AWS Lambda Durable Execution SDK Coverage Report/aws-durable-execution-sdk-java-examples,software.amazon.lambda.durable.examples.invoke,RetryInvokeExample,0,34,0,2,0,9,0,5,0,4
AWS Lambda Durable Execution SDK Coverage Report/aws-durable-execution-sdk-java-examples,software.amazon.lambda.durable.examples.wait,ConcurrentWaitForConditionExample,0,65,0,2,0,13,0,5,0,4
AWS Lambda Durable Execution SDK Coverage Report/aws-durable-execution-sdk-java-examples,software.amazon.lambda.durable.examples.wait,WaitForConditionExample,0,31,0,2,0,6,0,4,0,3
AWS Lambda Durable Execution SDK Coverage Report/aws-durable-execution-sdk-java-examples,software.amazon.lambda.durable.examples.wait,WaitAtLeastInProcessExample,68,0,0,0,21,0,4,0,4,0
AWS Lambda Durable Execution SDK Coverage Report/aws-durable-execution-sdk-java-examples,software.amazon.lambda.durable.examples.wait,WaitAtLeastExample,68,0,0,0,21,0,4,0,4,0
AWS Lambda Durable Execution SDK Coverage Report/aws-durable-execution-sdk-java-examples,software.amazon.lambda.durable.examples.wait,WaitAsyncExample,0,50,0,0,0,9,0,3,0,3
AWS Lambda Durable Execution SDK Coverage Report/aws-durable-execution-sdk-java-examples,software.amazon.lambda.durable.examples.wait,WaitExample,67,15,0,0,13,3,3,3,3,3
AWS Lambda Durable Execution SDK Coverage Report/aws-durable-execution-sdk-java-examples,software.amazon.lambda.durable.examples.wait,ConcurrentWaitForConditionExample.Input,0,12,0,0,0,1,0,1,0,1
AWS Lambda Durable Execution SDK Coverage Report/aws-durable-execution-sdk-java-examples,software.amazon.lambda.durable.examples.child,VirtualChildContextExample,0,204,0,0,0,28,0,13,0,13
AWS Lambda Durable Execution SDK Coverage Report/aws-durable-execution-sdk-java-examples,software.amazon.lambda.durable.examples.child,ChildContextExample,0,184,0,0,0,23,0,13,0,13
AWS Lambda Durable Execution SDK Coverage Report/aws-durable-execution-sdk-java-examples,software.amazon.lambda.durable.examples.child,ManyAsyncChildContextExample,0,151,0,2,0,25,0,7,0,6
AWS Lambda Durable Execution SDK Coverage Report/aws-durable-execution-sdk-java-examples,software.amazon.lambda.durable.examples.parallel,ParallelWithWaitExample.Output,0,12,0,0,0,1,0,1,0,1
AWS Lambda Durable Execution SDK Coverage Report/aws-durable-execution-sdk-java-examples,software.amazon.lambda.durable.examples.parallel,ParallelExample,0,121,0,2,0,21,0,5,0,4
AWS Lambda Durable Execution SDK Coverage Report/aws-durable-execution-sdk-java-examples,software.amazon.lambda.durable.examples.parallel,DeserializationFailedParallelExample.FailedSerDes,2,17,1,1,1,3,1,1,0,1
AWS Lambda Durable Execution SDK Coverage Report/aws-durable-execution-sdk-java-examples,software.amazon.lambda.durable.examples.parallel,ParallelExample.Output,0,9,0,0,0,1,0,1,0,1
AWS Lambda Durable Execution SDK Coverage Report/aws-durable-execution-sdk-java-examples,software.amazon.lambda.durable.examples.parallel,DeserializationFailedParallelExample,20,56,2,0,5,13,2,3,1,3
AWS Lambda Durable Execution SDK Coverage Report/aws-durable-execution-sdk-java-examples,software.amazon.lambda.durable.examples.parallel,ParallelFailureToleranceExample,0,150,0,6,0,29,0,7,0,4
AWS Lambda Durable Execution SDK Coverage Report/aws-durable-execution-sdk-java-examples,software.amazon.lambda.durable.examples.parallel,ParallelFailureToleranceExample.Input,0,12,0,0,0,1,0,1,0,1
AWS Lambda Durable Execution SDK Coverage Report/aws-durable-execution-sdk-java-examples,software.amazon.lambda.durable.examples.parallel,DeserializationFailedParallelExample.Input,0,6,0,0,0,1,0,1,0,1
AWS Lambda Durable Execution SDK Coverage Report/aws-durable-execution-sdk-java-examples,software.amazon.lambda.durable.examples.parallel,ParallelExample.Input,0,6,0,0,0,1,0,1,0,1
AWS Lambda Durable Execution SDK Coverage Report/aws-durable-execution-sdk-java-examples,software.amazon.lambda.durable.examples.parallel,ParallelWithWaitExample.Input,0,9,0,0,0,1,0,1,0,1
AWS Lambda Durable Execution SDK Coverage Report/aws-durable-execution-sdk-java-examples,software.amazon.lambda.durable.examples.parallel,ParallelWithWaitExample,0,148,0,0,0,21,0,8,0,8
AWS Lambda Durable Execution SDK Coverage Report/aws-durable-execution-sdk-java-examples,software.amazon.lambda.durable.examples.parallel,ParallelFailureToleranceExample.Output,0,9,0,0,0,1,0,1,0,1
AWS Lambda Durable Execution SDK Coverage Report/aws-durable-execution-sdk-java-examples,software.amazon.lambda.durable.examples.map,ComplexMapExample,0,130,0,0,0,17,0,8,0,8
AWS Lambda Durable Execution SDK Coverage Report/aws-durable-execution-sdk-java-examples,software.amazon.lambda.durable.examples.map,DeserializationFailedMapExample,9,71,0,0,1,10,1,3,1,3
AWS Lambda Durable Execution SDK Coverage Report/aws-durable-execution-sdk-java-examples,software.amazon.lambda.durable.examples.map,ComplexFlatMapExample,0,136,0,0,0,19,0,8,0,8
AWS Lambda Durable Execution SDK Coverage Report/aws-durable-execution-sdk-java-examples,software.amazon.lambda.durable.examples.map,DeserializationFailedMapExample.FailedSerDes,0,19,0,2,0,4,0,2,0,1
AWS Lambda Durable Execution SDK Coverage Report/aws-durable-execution-sdk-java-examples,software.amazon.lambda.durable.examples.map,SimpleMapExample,0,65,0,0,0,8,0,4,0,4
AWS Lambda Durable Execution SDK Coverage Report/aws-durable-execution-sdk-java-examples,software.amazon.lambda.durable.examples.step,DeserializationFailureExample.FailedSerDes,2,17,1,1,1,3,1,1,0,1
AWS Lambda Durable Execution SDK Coverage Report/aws-durable-execution-sdk-java-examples,software.amazon.lambda.durable.examples.step,SimpleStepExample,0,39,0,0,0,5,0,5,0,5
AWS Lambda Durable Execution SDK Coverage Report/aws-durable-execution-sdk-java-examples,software.amazon.lambda.durable.examples.step,RetryExample,49,93,1,1,9,22,1,6,0,6
AWS Lambda Durable Execution SDK Coverage Report/aws-durable-execution-sdk-java-examples,software.amazon.lambda.durable.examples.step,RetryInProcessExample,114,0,2,0,34,0,6,0,5,0
AWS Lambda Durable Execution SDK Coverage Report/aws-durable-execution-sdk-java-examples,software.amazon.lambda.durable.examples.step,DeserializationFailureExample,8,35,0,0,2,9,0,3,0,3
AWS Lambda Durable Execution SDK Coverage Report/aws-durable-execution-sdk-java-examples,software.amazon.lambda.durable.examples.step,ManyAsyncStepsExample,0,141,0,2,0,23,0,6,0,5
